Base path: /Applications/Unity/Hub/Editor/2018.3.11f1/Unity.app/Contents
Cmd: initializeCompiler
Cmd: compileComputeKernel
  api=14 insize=1176 outsize=1357 ok=1
Cmd: translateComputeKernel
  api=14 insize=1469 outsize=1585 ok=1
Cmd: compileComputeKernel
  api=14 insize=2780 outsize=48933 ok=1
Cmd: translateComputeKernel
  api=14 insize=48553 outsize=85569 ok=1
Cmd: compileComputeKernel
  api=14 insize=10881 outsize=11453 ok=1
Cmd: translateComputeKernel
  api=14 insize=10709 outsize=18721 ok=1
Cmd: compileComputeKernel
  api=14 insize=4845 outsize=5509 ok=1
Cmd: translateComputeKernel
  api=14 insize=7289 outsize=11297 ok=1
Cmd: translateComputeKernel
  api=14 insize=3265 outsize=5365 ok=1
Cmd: compileComputeKernel
  api=14 insize=18299 outsize=9721 ok=1
Cmd: compileComputeKernel
  api=14 insize=18299 outsize=9953 ok=1
Cmd: compileComputeKernel
  api=14 insize=18299 outsize=11489 ok=1
Cmd: translateComputeKernel
  api=14 insize=9533 outsize=16357 ok=1
Cmd: translateComputeKernel
  api=14 insize=9405 outsize=16213 ok=1
Cmd: translateComputeKernel
  api=14 insize=11797 outsize=25505 ok=1
Cmd: compileComputeKernel
  api=14 insize=1957 outsize=1137 ok=1
Cmd: compileComputeKernel
  api=14 insize=2867 outsize=793 ok=1
Cmd: translateComputeKernel
  api=14 insize=853 outsize=785 ok=1
Cmd: translateComputeKernel
  api=14 insize=2001 outsize=3541 ok=1
Cmd: translateComputeKernel
  api=14 insize=2077 outsize=3273 ok=1

Quitting shader compiler process
